<?xml version="1.0" encoding="UTF-8"?>
<!-- Generated by org.testng.reporters.JUnitXMLReporter -->
<testsuite ignored="11" hostname="DESKTOP-DRB929D" failures="0" tests="1" name="Default test" time="17.921" errors="0" timestamp="2025-07-24T12:42:19 EET">
  <testcase classname="project10.Mytestcases" name="Calendar" time="6.121"/>
  <testcase classname="project10.Mytestcases" name="WebTable" time="0.0">
    <ignored/>
  </testcase> <!-- WebTable -->
  <testcase classname="project10.Mytestcases" name="SwitchWindow" time="0.0">
    <ignored/>
  </testcase> <!-- SwitchWindow -->
  <testcase classname="project10.Mytestcases" name="RadioButton" time="0.0">
    <ignored/>
  </testcase> <!-- RadioButton -->
  <testcase classname="project10.Mytestcases" name="StaticDropdown" time="0.0">
    <ignored/>
  </testcase> <!-- StaticDropdown -->
  <testcase classname="project10.Mytestcases" name="EnabledDisabled" time="0.0">
    <ignored/>
  </testcase> <!-- EnabledDisabled -->
  <testcase classname="project10.Mytestcases" name="MouseHover" time="0.0">
    <ignored/>
  </testcase> <!-- MouseHover -->
  <testcase classname="project10.Mytestcases" name="DynamicDropdown" time="0.0">
    <ignored/>
  </testcase> <!-- DynamicDropdown -->
  <testcase classname="project10.Mytestcases" name="SwitchToAlert" time="0.0">
    <ignored/>
  </testcase> <!-- SwitchToAlert -->
  <testcase classname="project10.Mytestcases" name="CheckBox" time="0.0">
    <ignored/>
  </testcase> <!-- CheckBox -->
  <testcase classname="project10.Mytestcases" name="ElementDisplayed" time="0.0">
    <ignored/>
  </testcase> <!-- ElementDisplayed -->
  <testcase classname="project10.Mytestcases" name="SwitchTab" time="0.0">
    <ignored/>
  </testcase> <!-- SwitchTab -->
</testsuite> <!-- Default test -->
