<?xml version="1.0" encoding="UTF-8"?>
<!-- Generated by org.testng.reporters.JUnitXMLReporter -->
<testsuite ignored="6" hostname="DESKTOP-DRB929D" failures="0" tests="1" name="Default test" time="10.586" errors="0" timestamp="2025-07-21T17:21:02 EET">
  <testcase classname="project10.Mytestcases" name="SwitchToAlert" time="1.373"/>
  <testcase classname="project10.Mytestcases" name="RadioButton" time="0.0">
    <ignored/>
  </testcase> <!-- RadioButton -->
  <testcase classname="project10.Mytestcases" name="SwitchWindow" time="0.0">
    <ignored/>
  </testcase> <!-- SwitchWindow -->
  <testcase classname="project10.Mytestcases" name="SwitchTab" time="0.0">
    <ignored/>
  </testcase> <!-- SwitchTab -->
  <testcase classname="project10.Mytestcases" name="DynamicDropdown" time="0.0">
    <ignored/>
  </testcase> <!-- DynamicDropdown -->
  <testcase classname="project10.Mytestcases" name="StaticDropdown" time="0.0">
    <ignored/>
  </testcase> <!-- StaticDropdown -->
  <testcase classname="project10.Mytestcases" name="CheckBox" time="0.0">
    <ignored/>
  </testcase> <!-- CheckBox -->
</testsuite> <!-- Default test -->
