<?xml version="1.0" encoding="UTF-8"?>
<testng-results ignored="11" total="12" passed="1" failed="0" skipped="0">
  <reporter-output>
  </reporter-output>
  <suite started-at="2025-07-24T12:42:01 EET" name="Default suite" finished-at="2025-07-24T12:42:19 EET" duration-ms="17921">
    <groups>
    </groups>
    <test started-at="2025-07-24T12:42:01 EET" name="Default test" finished-at="2025-07-24T12:42:19 EET" duration-ms="17921">
      <class name="project10.Mytestcases">
        <test-method is-config="true" signature="MyTestSetUp()[pri:0, instance:project10.Mytestcases@77a7cf58]" started-at="2025-07-24T12:42:01 EET" name="MyTestSetUp" finished-at="2025-07-24T12:42:12 EET" duration-ms="11677" status="PASS">
          <reporter-output>
          </reporter-output>
        </test-method> <!-- MyTestSetUp -->
        <test-method signature="Calendar()[pri:0, instance:project10.Mytestcases@77a7cf58]" started-at="2025-07-24T12:42:12 EET" name="Calendar" finished-at="2025-07-24T12:42:18 EET" duration-ms="6121" status="PASS">
          <reporter-output>
          </reporter-output>
        </test-method> <!-- Calendar -->
      </class> <!-- project10.Mytestcases -->
    </test> <!-- Default test -->
  </suite> <!-- Default suite -->
</testng-results>
