<?xml version="1.0" encoding="UTF-8"?>
<testng-results ignored="6" total="7" passed="1" failed="0" skipped="0">
  <reporter-output>
  </reporter-output>
  <suite started-at="2025-07-21T17:20:52 EET" name="Default suite" finished-at="2025-07-21T17:21:02 EET" duration-ms="10586">
    <groups>
    </groups>
    <test started-at="2025-07-21T17:20:52 EET" name="Default test" finished-at="2025-07-21T17:21:02 EET" duration-ms="10586">
      <class name="project10.Mytestcases">
        <test-method is-config="true" signature="MyTestSetUp()[pri:0, instance:project10.Mytestcases@6b53bcc2]" started-at="2025-07-21T17:20:52 EET" name="MyTestSetUp" finished-at="2025-07-21T17:21:01 EET" duration-ms="9105" status="PASS">
          <reporter-output>
          </reporter-output>
        </test-method> <!-- MyTestSetUp -->
        <test-method signature="SwitchToAlert()[pri:0, instance:project10.Mytestcases@6b53bcc2]" started-at="2025-07-21T17:21:01 EET" name="SwitchToAlert" finished-at="2025-07-21T17:21:02 EET" duration-ms="1373" status="PASS">
          <reporter-output>
          </reporter-output>
        </test-method> <!-- SwitchToAlert -->
      </class> <!-- project10.Mytestcases -->
    </test> <!-- Default test -->
  </suite> <!-- Default suite -->
</testng-results>
